Welcome to Rock, Paper, Scissors, Lizard, Spock!
Please choose two players:
(1) StupidBot
(2) RandomBot
(3) IterativeBot
(4) LastPlayBot
(5) Human
Select player 1: Select player 2: StupidBot vs. Human
Round 1:
(1) Rock
(2) Paper
(3) Scissors
(4) Lizard
(5) Spock
0
Enter your move: 4
Player 1 chose Rock
Player 2 chose Lizard
Rock crushes Lizard
Player 1 won the round
Round 2:
(1) Rock
(2) Paper
(3) Scissors
(4) Lizard
(5) Spock
4
Enter your move: 3
Player 1 chose Rock
Player 2 chose Scissors
Rock crushes Scissors
Player 1 won the round
Round 3:
(1) Rock
(2) Paper
(3) Scissors
(4) Lizard
(5) Spock
3
Enter your move: 2
Player 1 chose Rock
Player 2 chose Paper
Paper covers Rock
Player 2 won the round
Round 4:
(1) Rock
(2) Paper
(3) Scissors
(4) Lizard
(5) Spock
2
Enter your move: 1
Player 1 chose Rock
Player 2 chose Rock
Rock equals Rock
Round was a tie
Round 5:
(1) Rock
(2) Paper
(3) Scissors
(4) Lizard
(5) Spock
1
Enter your move: 
Player 1 chose Rock
